<?xml version="1.0" encoding="UTF-8"?>
<testng-results skipped="0" failed="0" total="1" passed="1">
  <reporter-output>
  </reporter-output>
  <suite name="Default suite" duration-ms="53" started-at="2018-03-24T11:38:01Z" finished-at="2018-03-24T11:38:01Z">
    <groups>
    </groups>
    <test name="Default test" duration-ms="53" started-at="2018-03-24T11:38:01Z" finished-at="2018-03-24T11:38:01Z">
      <class name="com.mathematica.heap.HeapTest">
        <test-method status="PASS" signature="delete()[pri:0, instance:com.mathematica.heap.HeapTest@6276ae34]" name="delete" duration-ms="22" started-at="2018-03-24T17:08:01Z" finished-at="2018-03-24T17:08:01Z">
          <reporter-output>
          </reporter-output>
        </test-method> <!-- delete -->
      </class> <!-- com.mathematica.heap.HeapTest -->
    </test> <!-- Default test -->
  </suite> <!-- Default suite -->
</testng-results>
